Converting images
STM32 ST-LINK CLI v3.2.0.0
STM32 ST-LINK Command Line Interface

ST-LINK SN : 0670FF504851877267081547
ST-LINK Firmware version : V2J29M18
Connected via SWD.
SWD Frequency = 4000K.
Target voltage = 3.2 V.
Connection mode : Normal.
Device ID:0x434 
Device flash Size : 2048 Kbytes
Device family :STM32F469x/F479x

Loading file...
Flash Programming:
  File : build/bin/target.hex
  Address : 0x08000000
  External Loader File : C:\Program Files (x86)\STMicroelectronics\STM32 ST-LINK Utility\ST-LINK Utility\ExternalLoader\N25Q128A_STM32469I-DISCO.stldr
  Device Name          : N25Q128A_STM32469I-DISCO
  Device Start Address : 0x90000000
  Device Size          : 0x01000000
  Device Type          : Nor Flash
Memory programming...
±±±±±±±±±±±±±±±±±±±±±±±±±±±±±±±±±±±±±±±±±±±±±±±±±± 0% 0%€€€ 7%€€€€ 14%€€€€ 22%€€€ 29%€€€€ 36%€€€€ 44%€€€ 51%€€€€ 58%€€€€ 66%€€€ 73%€€€€ 80%€€€€ 88%€€€ 95%€€€ 100%
Memory programmed in 1mn and 31s and 187ms.
Programming Complete.

MCU Reset.

