<File>
  <FileName>AccordionMenu.cpp</FileName>
  <FileType>8</FileType>
  <FilePath>../../gui/widgets/accordionmenu.cpp</FilePath>
</File>
<File>
  <FileName>AlignScreenPresenter.cpp</FileName>
  <FileType>8</FileType>
  <FilePath>../../gui/src/alignscreen_screen/alignscreenpresenter.cpp</FilePath>
</File>
<File>
  <FileName>AlignScreenView.cpp</FileName>
  <FileType>8</FileType>
  <FilePath>../../gui/src/alignscreen_screen/alignscreenview.cpp</FilePath>
</File>
<File>
  <FileName>BaseScreenPresenter.cpp</FileName>
  <FileType>8</FileType>
  <FilePath>../../gui/src/basescreen_screen/basescreenpresenter.cpp</FilePath>
</File>
<File>
  <FileName>BaseScreenView.cpp</FileName>
  <FileType>8</FileType>
  <FilePath>../../gui/src/basescreen_screen/basescreenview.cpp</FilePath>
</File>
<File>
  <FileName>ButtonItem.cpp</FileName>
  <FileType>8</FileType>
  <FilePath>../../gui/widgets/buttonitem.cpp</FilePath>
</File>
<File>
  <FileName>ConfigButton.cpp</FileName>
  <FileType>8</FileType>
  <FilePath>../../gui/widgets/configbutton.cpp</FilePath>
</File>
<File>
  <FileName>ConfigPopup.cpp</FileName>
  <FileType>8</FileType>
  <FilePath>../../gui/src/containers/configpopup.cpp</FilePath>
</File>
<File>
  <FileName>CoordinatePopup.cpp</FileName>
  <FileType>8</FileType>
  <FilePath>../../gui/src/containers/coordinatepopup.cpp</FilePath>
</File>
<File>
  <FileName>DummyScreenPresenter.cpp</FileName>
  <FileType>8</FileType>
  <FilePath>../../gui/src/dummyscreen_screen/dummyscreenpresenter.cpp</FilePath>
</File>
<File>
  <FileName>DummyScreenView.cpp</FileName>
  <FileType>8</FileType>
  <FilePath>../../gui/src/dummyscreen_screen/dummyscreenview.cpp</FilePath>
</File>
<File>
  <FileName>FrontendApplication.cpp</FileName>
  <FileType>8</FileType>
  <FilePath>../../gui/src/common/frontendapplication.cpp</FilePath>
</File>
<File>
  <FileName>HomeScreenPresenter.cpp</FileName>
  <FileType>8</FileType>
  <FilePath>../../gui/src/homescreen_screen/homescreenpresenter.cpp</FilePath>
</File>
<File>
  <FileName>HomeScreenView.cpp</FileName>
  <FileType>8</FileType>
  <FilePath>../../gui/src/homescreen_screen/homescreenview.cpp</FilePath>
</File>
<File>
  <FileName>JoyStick.cpp</FileName>
  <FileType>8</FileType>
  <FilePath>../../gui/src/containers/joystick.cpp</FilePath>
</File>
<File>
  <FileName>Model.cpp</FileName>
  <FileType>8</FileType>
  <FilePath>../../gui/src/model/model.cpp</FilePath>
</File>
<File>
  <FileName>MountScreenPresenter.cpp</FileName>
  <FileType>8</FileType>
  <FilePath>../../gui/src/mountscreen_screen/mountscreenpresenter.cpp</FilePath>
</File>
<File>
  <FileName>MountScreenView.cpp</FileName>
  <FileType>8</FileType>
  <FilePath>../../gui/src/mountscreen_screen/mountscreenview.cpp</FilePath>
</File>
<File>
  <FileName>NumericalWheelSelector.cpp</FileName>
  <FileType>8</FileType>
  <FilePath>../../gui/widgets/numericalwheelselector.cpp</FilePath>
</File>
<File>
  <FileName>PolarAlignScreenPresenter.cpp</FileName>
  <FileType>8</FileType>
  <FilePath>../../gui/src/polaralignscreen_screen/polaralignscreenpresenter.cpp</FilePath>
</File>
<File>
  <FileName>PolarAlignScreenView.cpp</FileName>
  <FileType>8</FileType>
  <FilePath>../../gui/src/polaralignscreen_screen/polaralignscreenview.cpp</FilePath>
</File>
<File>
  <FileName>SettingScreenPresenter.cpp</FileName>
  <FileType>8</FileType>
  <FilePath>../../gui/src/settingscreen_screen/settingscreenpresenter.cpp</FilePath>
</File>
<File>
  <FileName>SettingScreenView.cpp</FileName>
  <FileType>8</FileType>
  <FilePath>../../gui/src/settingscreen_screen/settingscreenview.cpp</FilePath>
</File>
<File>
  <FileName>StarMapScreenPresenter.cpp</FileName>
  <FileType>8</FileType>
  <FilePath>../../gui/src/starmapscreen_screen/starmapscreenpresenter.cpp</FilePath>
</File>
<File>
  <FileName>StarMapScreenView.cpp</FileName>
  <FileType>8</FileType>
  <FilePath>../../gui/src/starmapscreen_screen/starmapscreenview.cpp</FilePath>
</File>
<File>
  <FileName>StarMapWidget.cpp</FileName>
  <FileType>8</FileType>
  <FilePath>../../gui/widgets/starmapwidget.cpp</FilePath>
</File>
<File>
  <FileName>UtilityScreenPresenter.cpp</FileName>
  <FileType>8</FileType>
  <FilePath>../../gui/src/utilityscreen_screen/utilityscreenpresenter.cpp</FilePath>
</File>
<File>
  <FileName>UtilityScreenView.cpp</FileName>
  <FileType>8</FileType>
  <FilePath>../../gui/src/utilityscreen_screen/utilityscreenview.cpp</FilePath>
</File>
<File>
  <FileName>WheelSelector.cpp</FileName>
  <FileType>8</FileType>
  <FilePath>../../gui/widgets/wheelselector.cpp</FilePath>
</File>
<File>
  <FileName>align.cpp</FileName>
  <FileType>8</FileType>
  <FilePath>../../generated/images/src/align.cpp</FilePath>
</File>
<File>
  <FileName>AlignScreenViewBase.cpp</FileName>
  <FileType>8</FileType>
  <FilePath>../../generated/gui_generated/src/alignscreen_screen/alignscreenviewbase.cpp</FilePath>
</File>
<File>
  <FileName>ApplicationFontProvider.cpp</FileName>
  <FileType>8</FileType>
  <FilePath>../../generated/fonts/src/applicationfontprovider.cpp</FilePath>
</File>
<File>
  <FileName>Back_arrow_48.cpp</FileName>
  <FileType>8</FileType>
  <FilePath>../../generated/images/src/back_arrow_48.cpp</FilePath>
</File>
<File>
  <FileName>BaseScreenViewBase.cpp</FileName>
  <FileType>8</FileType>
  <FilePath>../../generated/gui_generated/src/basescreen_screen/basescreenviewbase.cpp</FilePath>
</File>
<File>
  <FileName>BitmapDatabase.cpp</FileName>
  <FileType>8</FileType>
  <FilePath>../../generated/images/src/bitmapdatabase.cpp</FilePath>
</File>
<File>
  <FileName>blue_togglebars_toggle_re_small_button_off.cpp</FileName>
  <FileType>8</FileType>
  <FilePath>../../generated/images/src/__designer/blue_togglebars_toggle_re_small_button_off.cpp</FilePath>
</File>
<File>
  <FileName>blue_togglebars_toggle_re_small_button_on.cpp</FileName>
  <FileType>8</FileType>
  <FilePath>../../generated/images/src/__designer/blue_togglebars_toggle_re_small_button_on.cpp</FilePath>
</File>
<File>
  <FileName>button1-pressed.cpp</FileName>
  <FileType>8</FileType>
  <FilePath>../../generated/images/src/button1-pressed.cpp</FilePath>
</File>
<File>
  <FileName>button1.cpp</FileName>
  <FileType>8</FileType>
  <FilePath>../../generated/images/src/button1.cpp</FilePath>
</File>
<File>
  <FileName>button2-pressed.cpp</FileName>
  <FileType>8</FileType>
  <FilePath>../../generated/images/src/button2-pressed.cpp</FilePath>
</File>
<File>
  <FileName>button2.cpp</FileName>
  <FileType>8</FileType>
  <FilePath>../../generated/images/src/button2.cpp</FilePath>
</File>
<File>
  <FileName>button3-pressed.cpp</FileName>
  <FileType>8</FileType>
  <FilePath>../../generated/images/src/button3-pressed.cpp</FilePath>
</File>
<File>
  <FileName>button3.cpp</FileName>
  <FileType>8</FileType>
  <FilePath>../../generated/images/src/button3.cpp</FilePath>
</File>
<File>
  <FileName>ConfigPopupBase.cpp</FileName>
  <FileType>8</FileType>
  <FilePath>../../generated/gui_generated/src/containers/configpopupbase.cpp</FilePath>
</File>
<File>
  <FileName>CoordinatePopupBase.cpp</FileName>
  <FileType>8</FileType>
  <FilePath>../../generated/gui_generated/src/containers/coordinatepopupbase.cpp</FilePath>
</File>
<File>
  <FileName>dark_icons_down_arrow_48.cpp</FileName>
  <FileType>8</FileType>
  <FilePath>../../generated/images/src/__designer/dark_icons_down_arrow_48.cpp</FilePath>
</File>
<File>
  <FileName>dark_icons_go_next_48.cpp</FileName>
  <FileType>8</FileType>
  <FilePath>../../generated/images/src/__designer/dark_icons_go_next_48.cpp</FilePath>
</File>
<File>
  <FileName>dark_icons_refresh_48.cpp</FileName>
  <FileType>8</FileType>
  <FilePath>../../generated/images/src/__designer/dark_icons_refresh_48.cpp</FilePath>
</File>
<File>
  <FileName>dark_icons_remove_48.cpp</FileName>
  <FileType>8</FileType>
  <FilePath>../../generated/images/src/__designer/dark_icons_remove_48.cpp</FilePath>
</File>
<File>
  <FileName>dark_icons_trash_48.cpp</FileName>
  <FileType>8</FileType>
  <FilePath>../../generated/images/src/__designer/dark_icons_trash_48.cpp</FilePath>
</File>
<File>
  <FileName>dark_icons_up_arrow_48.cpp</FileName>
  <FileType>8</FileType>
  <FilePath>../../generated/images/src/__designer/dark_icons_up_arrow_48.cpp</FilePath>
</File>
<File>
  <FileName>dark_slider_horizontal_large_indicators_slider_round_nob.cpp</FileName>
  <FileType>8</FileType>
  <FilePath>../../generated/images/src/__designer/dark_slider_horizontal_large_indicators_slider_round_nob.cpp</FilePath>
</File>
<File>
  <FileName>Down_arrow_48.cpp</FileName>
  <FileType>8</FileType>
  <FilePath>../../generated/images/src/down_arrow_48.cpp</FilePath>
</File>
<File>
  <FileName>DummyScreenViewBase.cpp</FileName>
  <FileType>8</FileType>
  <FilePath>../../generated/gui_generated/src/dummyscreen_screen/dummyscreenviewbase.cpp</FilePath>
</File>
<File>
  <FileName>Font_DejaVuSans_Bold_40_4bpp.cpp</FileName>
  <FileType>8</FileType>
  <FilePath>../../generated/fonts/src/font_dejavusans_bold_40_4bpp.cpp</FilePath>
</File>
<File>
  <FileName>Font_trebuc_16_4bpp.cpp</FileName>
  <FileType>8</FileType>
  <FilePath>../../generated/fonts/src/font_trebuc_16_4bpp.cpp</FilePath>
</File>
<File>
  <FileName>Font_trebuc_24_4bpp.cpp</FileName>
  <FileType>8</FileType>
  <FilePath>../../generated/fonts/src/font_trebuc_24_4bpp.cpp</FilePath>
</File>
<File>
  <FileName>Font_trebuc_32_4bpp.cpp</FileName>
  <FileType>8</FileType>
  <FilePath>../../generated/fonts/src/font_trebuc_32_4bpp.cpp</FilePath>
</File>
<File>
  <FileName>Font_trebucbd_40_4bpp.cpp</FileName>
  <FileType>8</FileType>
  <FilePath>../../generated/fonts/src/font_trebucbd_40_4bpp.cpp</FilePath>
</File>
<File>
  <FileName>FontGetters.cpp</FileName>
  <FileType>8</FileType>
  <FilePath>../../generated/fonts/src/fontgetters.cpp</FilePath>
</File>
<File>
  <FileName>FrontendApplicationBase.cpp</FileName>
  <FileType>8</FileType>
  <FilePath>../../generated/gui_generated/src/common/frontendapplicationbase.cpp</FilePath>
</File>
<File>
  <FileName>home_button.cpp</FileName>
  <FileType>8</FileType>
  <FilePath>../../generated/images/src/home_button.cpp</FilePath>
</File>
<File>
  <FileName>home_button2.cpp</FileName>
  <FileType>8</FileType>
  <FilePath>../../generated/images/src/home_button2.cpp</FilePath>
</File>
<File>
  <FileName>HomeScreenViewBase.cpp</FileName>
  <FileType>8</FileType>
  <FilePath>../../generated/gui_generated/src/homescreen_screen/homescreenviewbase.cpp</FilePath>
</File>
<File>
  <FileName>JoyStickBase.cpp</FileName>
  <FileType>8</FileType>
  <FilePath>../../generated/gui_generated/src/containers/joystickbase.cpp</FilePath>
</File>
<File>
  <FileName>Kerning_DejaVuSans_Bold_40_4bpp.cpp</FileName>
  <FileType>8</FileType>
  <FilePath>../../generated/fonts/src/kerning_dejavusans_bold_40_4bpp.cpp</FilePath>
</File>
<File>
  <FileName>Kerning_trebuc_16_4bpp.cpp</FileName>
  <FileType>8</FileType>
  <FilePath>../../generated/fonts/src/kerning_trebuc_16_4bpp.cpp</FilePath>
</File>
<File>
  <FileName>Kerning_trebuc_24_4bpp.cpp</FileName>
  <FileType>8</FileType>
  <FilePath>../../generated/fonts/src/kerning_trebuc_24_4bpp.cpp</FilePath>
</File>
<File>
  <FileName>Kerning_trebuc_32_4bpp.cpp</FileName>
  <FileType>8</FileType>
  <FilePath>../../generated/fonts/src/kerning_trebuc_32_4bpp.cpp</FilePath>
</File>
<File>
  <FileName>Kerning_trebucbd_40_4bpp.cpp</FileName>
  <FileType>8</FileType>
  <FilePath>../../generated/fonts/src/kerning_trebucbd_40_4bpp.cpp</FilePath>
</File>
<File>
  <FileName>knob.cpp</FileName>
  <FileType>8</FileType>
  <FilePath>../../generated/images/src/knob.cpp</FilePath>
</File>
<File>
  <FileName>LanguageGb.cpp</FileName>
  <FileType>8</FileType>
  <FilePath>../../generated/texts/src/languagegb.cpp</FilePath>
</File>
<File>
  <FileName>moon_small.cpp</FileName>
  <FileType>8</FileType>
  <FilePath>../../generated/images/src/moon_small.cpp</FilePath>
</File>
<File>
  <FileName>MountScreenViewBase.cpp</FileName>
  <FileType>8</FileType>
  <FilePath>../../generated/gui_generated/src/mountscreen_screen/mountscreenviewbase.cpp</FilePath>
</File>
<File>
  <FileName>Next_arrow_48.cpp</FileName>
  <FileType>8</FileType>
  <FilePath>../../generated/images/src/next_arrow_48.cpp</FilePath>
</File>
<File>
  <FileName>polar.cpp</FileName>
  <FileType>8</FileType>
  <FilePath>../../generated/images/src/polar.cpp</FilePath>
</File>
<File>
  <FileName>PolarAlignScreenViewBase.cpp</FileName>
  <FileType>8</FileType>
  <FilePath>../../generated/gui_generated/src/polaralignscreen_screen/polaralignscreenviewbase.cpp</FilePath>
</File>
<File>
  <FileName>SettingScreenViewBase.cpp</FileName>
  <FileType>8</FileType>
  <FilePath>../../generated/gui_generated/src/settingscreen_screen/settingscreenviewbase.cpp</FilePath>
</File>
<File>
  <FileName>Slidersmall_Round_back.cpp</FileName>
  <FileType>8</FileType>
  <FilePath>../../generated/images/src/slidersmall_round_back.cpp</FilePath>
</File>
<File>
  <FileName>Slidersmall_Round_fill.cpp</FileName>
  <FileType>8</FileType>
  <FilePath>../../generated/images/src/slidersmall_round_fill.cpp</FilePath>
</File>
<File>
  <FileName>star1.cpp</FileName>
  <FileType>8</FileType>
  <FilePath>../../generated/images/src/star1.cpp</FilePath>
</File>
<File>
  <FileName>StarMapScreenViewBase.cpp</FileName>
  <FileType>8</FileType>
  <FilePath>../../generated/gui_generated/src/starmapscreen_screen/starmapscreenviewbase.cpp</FilePath>
</File>
<File>
  <FileName>stars.cpp</FileName>
  <FileType>8</FileType>
  <FilePath>../../generated/images/src/stars.cpp</FilePath>
</File>
<File>
  <FileName>stop-pressed.cpp</FileName>
  <FileType>8</FileType>
  <FilePath>../../generated/images/src/stop-pressed.cpp</FilePath>
</File>
<File>
  <FileName>stop.cpp</FileName>
  <FileType>8</FileType>
  <FilePath>../../generated/images/src/stop.cpp</FilePath>
</File>
<File>
  <FileName>Table_DejaVuSans_Bold_40_4bpp.cpp</FileName>
  <FileType>8</FileType>
  <FilePath>../../generated/fonts/src/table_dejavusans_bold_40_4bpp.cpp</FilePath>
</File>
<File>
  <FileName>Table_trebuc_16_4bpp.cpp</FileName>
  <FileType>8</FileType>
  <FilePath>../../generated/fonts/src/table_trebuc_16_4bpp.cpp</FilePath>
</File>
<File>
  <FileName>Table_trebuc_24_4bpp.cpp</FileName>
  <FileType>8</FileType>
  <FilePath>../../generated/fonts/src/table_trebuc_24_4bpp.cpp</FilePath>
</File>
<File>
  <FileName>Table_trebuc_32_4bpp.cpp</FileName>
  <FileType>8</FileType>
  <FilePath>../../generated/fonts/src/table_trebuc_32_4bpp.cpp</FilePath>
</File>
<File>
  <FileName>Table_trebucbd_40_4bpp.cpp</FileName>
  <FileType>8</FileType>
  <FilePath>../../generated/fonts/src/table_trebucbd_40_4bpp.cpp</FilePath>
</File>
<File>
  <FileName>telescope.cpp</FileName>
  <FileType>8</FileType>
  <FilePath>../../generated/images/src/telescope.cpp</FilePath>
</File>
<File>
  <FileName>Texts.cpp</FileName>
  <FileType>8</FileType>
  <FilePath>../../generated/texts/src/texts.cpp</FilePath>
</File>
<File>
  <FileName>TypedTextDatabase.cpp</FileName>
  <FileType>8</FileType>
  <FilePath>../../generated/texts/src/typedtextdatabase.cpp</FilePath>
</File>
<File>
  <FileName>Up_arrow_48.cpp</FileName>
  <FileType>8</FileType>
  <FilePath>../../generated/images/src/up_arrow_48.cpp</FilePath>
</File>
<File>
  <FileName>utility.cpp</FileName>
  <FileType>8</FileType>
  <FilePath>../../generated/images/src/utility.cpp</FilePath>
</File>
<File>
  <FileName>UtilityScreenViewBase.cpp</FileName>
  <FileType>8</FileType>
  <FilePath>../../generated/gui_generated/src/utilityscreen_screen/utilityscreenviewbase.cpp</FilePath>
</File>
<File>
  <FileName>wrench.cpp</FileName>
  <FileType>8</FileType>
  <FilePath>../../generated/images/src/wrench.cpp</FilePath>
</File>
